2025-06-08 05:04:01.211 | INFO     | __main__:build_vector_db_for_type:109 - Building vector database for guidelines documents...
2025-06-08 05:04:01.301 | INFO     | __main__:build_vector_db_for_type:126 - Processing EAU-EANM-ESTRO-ESUR-ISUP-SIOG-Guidelines-on-Prostate-Cancer-2025_2025-03-24-120144_rinw.pdf...
2025-06-08 05:04:04.997 | INFO     | __main__:build_vector_db_for_type:126 - Processing National-Cancer-Screening-Guidelines-2018.pdf...
2025-06-08 05:04:11.441 | SUCCESS  | __main__:build_vector_db_for_type:155 - Successfully built vector database for guidelines documents
2025-06-08 05:04:11.443 | INFO     | __main__:build_vector_db_for_type:109 - Building vector database for journals documents...
2025-06-08 05:04:11.457 | INFO     | __main__:build_vector_db_for_type:126 - Processing 119122-validation-of-the-swahili-version-of-the-international-prostate-symptom-score-at-a-private-nonprofit-general-hospital-in-dar-es-salaam-tanzania.pdf...
2025-06-08 05:04:11.947 | INFO     | __main__:build_vector_db_for_type:126 - Processing 119166-a-descriptive-study-of-transvesical-prostatectomy-outcomes-at-a-general-hospital-in-addis-ababa-ethiopia.pdf...
2025-06-08 05:04:13.378 | INFO     | __main__:build_vector_db_for_type:126 - Processing 119187-prostatic-cyst-with-bladder-outlet-obstruction-symptoms-case-report.pdf...
2025-06-08 05:04:13.635 | INFO     | __main__:build_vector_db_for_type:126 - Processing 119323-metabolic-syndrome-in-patients-on-androgen-deprivation-therapu-for-prostate-cancer-as-seen-at-kilimanjaro-christian-medical-center-moshi-tanzania.pdf...
2025-06-08 05:04:13.931 | INFO     | __main__:build_vector_db_for_type:126 - Processing 119408-an-unusual-lymphatic-metastasis-of-cancer-of-the-prostate-a-report-of-3-cases.pdf...
2025-06-08 05:04:14.164 | INFO     | __main__:build_vector_db_for_type:126 - Processing 119857-prostate-cancer-case-finding-in-patients-with-lower-urinary-tract-symptoms-in-a-private-hospital.pdf...
2025-06-08 05:04:14.298 | INFO     | __main__:build_vector_db_for_type:126 - Processing ajol-file-journals_110_articles_246567_submission_proof_246567-1309-591102-1-10-20230427.pdf...
2025-06-08 05:04:14.645 | INFO     | __main__:build_vector_db_for_type:126 - Processing ajol-file-journals_384_articles_210971_submission_proof_210971-4573-522856-1-10-20210720.pdf...
2025-06-08 05:04:14.982 | INFO     | __main__:build_vector_db_for_type:126 - Processing ajol-file-journals_420_articles_138968_submission_proof_138968-5005-370954-1-10-20160708.pdf...
2025-06-08 05:04:15.459 | INFO     | __main__:build_vector_db_for_type:126 - Processing ajol-file-journals_454_articles_268975_66e18210e67dd.pdf...
2025-06-08 05:04:15.860 | INFO     | __main__:build_vector_db_for_type:126 - Processing ajol-file-journals_454_articles_268976_66e188d0d3685.pdf...
2025-06-08 05:04:16.105 | INFO     | __main__:build_vector_db_for_type:126 - Processing ajol-file-journals_454_articles_268977_66e1d9602391d.pdf...
2025-06-08 05:04:16.302 | INFO     | __main__:build_vector_db_for_type:126 - Processing ajol-file-journals_454_articles_268978_66e1df8abe402.pdf...
2025-06-08 05:04:16.556 | INFO     | __main__:build_vector_db_for_type:126 - Processing ajol-file-journals_454_articles_269040_66e278a612b48.pdf...
2025-06-08 05:04:16.792 | INFO     | __main__:build_vector_db_for_type:126 - Processing ajol-file-journals_454_articles_269045_66e27dd76ba58.pdf...
2025-06-08 05:04:17.006 | INFO     | __main__:build_vector_db_for_type:126 - Processing ajol-file-journals_454_articles_269048_66e283009abc0.pdf...
2025-06-08 05:04:17.408 | INFO     | __main__:build_vector_db_for_type:126 - Processing ajol-file-journals_454_articles_278565_66f62305ab0a9.pdf...
2025-06-08 05:04:17.627 | INFO     | __main__:build_vector_db_for_type:126 - Processing ajol-file-journals_454_articles_278567_66f6210cda0ce.pdf...
2025-06-08 05:04:17.810 | INFO     | __main__:build_vector_db_for_type:126 - Processing ajol-file-journals_454_articles_278568_66f61f3810b3f.pdf...
2025-06-08 05:04:17.959 | INFO     | __main__:build_vector_db_for_type:126 - Processing ajol-file-journals_454_articles_278569_66f62282df5c1.pdf...
2025-06-08 05:04:18.111 | INFO     | __main__:build_vector_db_for_type:126 - Processing ajol-file-journals_454_articles_278571_66f621fa99810.pdf...
2025-06-08 05:04:18.265 | INFO     | __main__:build_vector_db_for_type:126 - Processing ajol-file-journals_454_articles_278573_66f620549de6e.pdf...
2025-06-08 05:04:18.409 | INFO     | __main__:build_vector_db_for_type:126 - Processing ajol-file-journals_454_articles_278592_66f6243e79229.pdf...
2025-06-08 05:04:18.505 | INFO     | __main__:build_vector_db_for_type:126 - Processing ajol-file-journals_454_articles_278846_66f623b20c2e8.pdf...
2025-06-08 05:04:18.756 | INFO     | __main__:build_vector_db_for_type:126 - Processing ajol-file-journals_454_articles_283092_674b1ef8b3dab.pdf...
2025-06-08 05:04:19.001 | INFO     | __main__:build_vector_db_for_type:126 - Processing ajol-file-journals_454_articles_283095_674b2045e1504.pdf...
2025-06-08 05:04:19.158 | INFO     | __main__:build_vector_db_for_type:126 - Processing ajol-file-journals_454_articles_283096_674b231699cb4.pdf...
2025-06-08 05:04:19.309 | INFO     | __main__:build_vector_db_for_type:126 - Processing ajol-file-journals_454_articles_283098_674b23d627fe2.pdf...
2025-06-08 05:04:19.472 | INFO     | __main__:build_vector_db_for_type:126 - Processing ajol-file-journals_454_articles_283100_674b257b961f9.pdf...
2025-06-08 05:04:19.635 | INFO     | __main__:build_vector_db_for_type:126 - Processing ajol-file-journals_454_articles_283104_674b2654f3aa9.pdf...
2025-06-08 05:04:19.757 | INFO     | __main__:build_vector_db_for_type:126 - Processing ajol-file-journals_454_articles_286336_67bc76e7bf402.pdf...
2025-06-08 05:04:19.924 | INFO     | __main__:build_vector_db_for_type:126 - Processing ajol-file-journals_454_articles_286338_67bc8750747d1.pdf...
2025-06-08 05:04:20.117 | INFO     | __main__:build_vector_db_for_type:126 - Processing ajol-file-journals_454_articles_286339_67bc87c6ccdea.pdf...
2025-06-08 05:04:20.291 | INFO     | __main__:build_vector_db_for_type:126 - Processing ajol-file-journals_454_articles_286341_67bc8804ace38.pdf...
2025-06-08 05:04:20.484 | INFO     | __main__:build_vector_db_for_type:126 - Processing ajol-file-journals_454_articles_291872_67ee950c6ac99.pdf...
2025-06-08 05:04:20.635 | INFO     | __main__:build_vector_db_for_type:126 - Processing ajol-file-journals_454_articles_291874_67ee957cb34d1.pdf...
2025-06-08 05:04:20.755 | INFO     | __main__:build_vector_db_for_type:126 - Processing ajol-file-journals_454_articles_291878_67ee960c6e0dd.pdf...
2025-06-08 05:04:20.908 | INFO     | __main__:build_vector_db_for_type:126 - Processing ajol-file-journals_454_articles_291879_67ee96842d189.pdf...
2025-06-08 05:04:21.060 | INFO     | __main__:build_vector_db_for_type:126 - Processing ajol-file-journals_45_articles_200332_submission_proof_200332-529-502879-1-10-20201007.pdf...
2025-06-08 05:04:21.148 | INFO     | __main__:build_vector_db_for_type:126 - Processing ajol-file-journals_45_articles_245590_submission_proof_245590-529-589228-1-10-20230411.pdf...
2025-06-08 05:04:21.283 | INFO     | __main__:build_vector_db_for_type:126 - Processing ajol-file-journals_50_articles_158459_submission_proof_158459-589-412297-1-10-20170707.pdf...
2025-06-08 05:04:21.523 | INFO     | __main__:build_vector_db_for_type:126 - Processing ajol-file-journals_50_articles_98483_submission_proof_98483-589-258343-1-10-20131210.pdf...
2025-06-08 05:04:21.801 | INFO     | __main__:build_vector_db_for_type:126 - Processing ajol-file-journals_585_articles_274254_6697b9ed9d136.pdf...
2025-06-08 05:04:21.981 | INFO     | __main__:build_vector_db_for_type:126 - Processing ajol-file-journals_590_articles_279658_66fbd923d8f30.pdf...
2025-06-08 05:04:22.180 | INFO     | __main__:build_vector_db_for_type:126 - Processing ajol-file-journals_64_articles_291379_67dc2de06e74c.pdf...
2025-06-08 05:04:22.374 | INFO     | __main__:build_vector_db_for_type:126 - Processing ajol-file-journals_66_articles_53195_submission_proof_53195-781-83676-1-10-20100331.pdf...
2025-06-08 05:04:22.456 | INFO     | __main__:build_vector_db_for_type:126 - Processing ajol-file-journals_75_articles_176863_submission_proof_176863-889-452047-1-10-20180831.pdf...
2025-06-08 05:04:22.569 | INFO     | __main__:build_vector_db_for_type:126 - Processing ajol-file-journals_82_articles_100275_submission_proof_100275-973-265262-1-10-20140129.pdf...
2025-06-08 05:04:22.693 | INFO     | __main__:build_vector_db_for_type:126 - Processing changes_in_relationship_dynamics_in_men_and_women.61.pdf...
2025-06-08 05:04:22.930 | INFO     | __main__:build_vector_db_for_type:126 - Processing fruro-3-1496951.pdf...
2025-06-08 05:05:02.850 | SUCCESS  | __main__:build_vector_db_for_type:155 - Successfully built vector database for journals documents
2025-06-08 05:05:02.858 | SUCCESS  | __main__:main:192 - Vector database building completed successfully
2025-06-19 11:45:17.030 | INFO     | __main__:build_vector_db_for_type:102 - Building vector database for guidelines documents...
2025-06-19 11:45:17.030 | INFO     | __main__:build_vector_db_for_type:113 - Processing EAU-EANM-ESTRO-ESUR-ISUP-SIOG-Guidelines-on-Prostate-Cancer-2025_2025-03-24-120144_rinw.pdf...
2025-06-19 11:45:19.366 | INFO     | __main__:build_vector_db_for_type:113 - Processing National-Cancer-Screening-Guidelines-2018.pdf...
2025-06-19 11:45:25.292 | SUCCESS  | __main__:build_vector_db_for_type:142 - Successfully built vector database for guidelines documents
2025-06-19 11:45:25.294 | INFO     | __main__:build_vector_db_for_type:102 - Building vector database for journals documents...
2025-06-19 11:45:25.296 | INFO     | __main__:build_vector_db_for_type:113 - Processing ajol-file-journals_454_articles_286336_67bc76e7bf402.pdf...
2025-06-19 11:45:25.597 | INFO     | __main__:build_vector_db_for_type:113 - Processing ajol-file-journals_454_articles_269040_66e278a612b48.pdf...
2025-06-19 11:45:25.798 | INFO     | __main__:build_vector_db_for_type:113 - Processing fruro-3-1496951.pdf...
2025-06-19 11:45:26.077 | INFO     | __main__:build_vector_db_for_type:113 - Processing ajol-file-journals_454_articles_291878_67ee960c6e0dd.pdf...
2025-06-19 11:45:26.311 | INFO     | __main__:build_vector_db_for_type:113 - Processing ajol-file-journals_454_articles_286341_67bc8804ace38.pdf...
2025-06-19 11:45:26.565 | INFO     | __main__:build_vector_db_for_type:113 - Processing ajol-file-journals_64_articles_291379_67dc2de06e74c.pdf...
2025-06-19 11:45:26.949 | INFO     | __main__:build_vector_db_for_type:113 - Processing ajol-file-journals_454_articles_286339_67bc87c6ccdea.pdf...
2025-06-19 11:45:27.371 | INFO     | __main__:build_vector_db_for_type:113 - Processing 119166-a-descriptive-study-of-transvesical-prostatectomy-outcomes-at-a-general-hospital-in-addis-ababa-ethiopia.pdf...
2025-06-19 11:45:28.121 | INFO     | __main__:build_vector_db_for_type:113 - Processing ajol-file-journals_454_articles_278571_66f621fa99810.pdf...
2025-06-19 11:45:28.329 | INFO     | __main__:build_vector_db_for_type:113 - Processing ajol-file-journals_454_articles_278565_66f62305ab0a9.pdf...
2025-06-19 11:45:28.491 | INFO     | __main__:build_vector_db_for_type:113 - Processing ajol-file-journals_590_articles_279658_66fbd923d8f30.pdf...
2025-06-19 11:45:28.652 | INFO     | __main__:build_vector_db_for_type:113 - Processing ajol-file-journals_454_articles_278846_66f623b20c2e8.pdf...
2025-06-19 11:45:28.825 | INFO     | __main__:build_vector_db_for_type:113 - Processing ajol-file-journals_454_articles_291879_67ee96842d189.pdf...
2025-06-19 11:45:29.171 | INFO     | __main__:build_vector_db_for_type:113 - Processing ajol-file-journals_420_articles_138968_submission_proof_138968-5005-370954-1-10-20160708.pdf...
2025-06-19 11:45:29.597 | INFO     | __main__:build_vector_db_for_type:113 - Processing ajol-file-journals_454_articles_283098_674b23d627fe2.pdf...
2025-06-19 11:45:30.040 | INFO     | __main__:build_vector_db_for_type:113 - Processing ajol-file-journals_45_articles_200332_submission_proof_200332-529-502879-1-10-20201007.pdf...
2025-06-19 11:45:30.119 | INFO     | __main__:build_vector_db_for_type:113 - Processing ajol-file-journals_454_articles_283092_674b1ef8b3dab.pdf...
2025-06-19 11:45:30.222 | INFO     | __main__:build_vector_db_for_type:113 - Processing ajol-file-journals_454_articles_278568_66f61f3810b3f.pdf...
2025-06-19 11:45:30.386 | INFO     | __main__:build_vector_db_for_type:113 - Processing ajol-file-journals_82_articles_100275_submission_proof_100275-973-265262-1-10-20140129.pdf...
2025-06-19 11:45:30.530 | INFO     | __main__:build_vector_db_for_type:113 - Processing changes_in_relationship_dynamics_in_men_and_women.61.pdf...
2025-06-19 11:45:30.756 | INFO     | __main__:build_vector_db_for_type:113 - Processing ajol-file-journals_454_articles_269048_66e283009abc0.pdf...
2025-06-19 11:45:31.321 | INFO     | __main__:build_vector_db_for_type:113 - Processing ajol-file-journals_454_articles_291874_67ee957cb34d1.pdf...
2025-06-19 11:45:31.472 | INFO     | __main__:build_vector_db_for_type:113 - Processing 119857-prostate-cancer-case-finding-in-patients-with-lower-urinary-tract-symptoms-in-a-private-hospital.pdf...
2025-06-19 11:45:31.553 | INFO     | __main__:build_vector_db_for_type:113 - Processing ajol-file-journals_75_articles_176863_submission_proof_176863-889-452047-1-10-20180831.pdf...
2025-06-19 11:45:31.680 | INFO     | __main__:build_vector_db_for_type:113 - Processing ajol-file-journals_454_articles_268977_66e1d9602391d.pdf...
2025-06-19 11:45:31.837 | INFO     | __main__:build_vector_db_for_type:113 - Processing ajol-file-journals_454_articles_278592_66f6243e79229.pdf...
2025-06-19 11:45:31.930 | INFO     | __main__:build_vector_db_for_type:113 - Processing ajol-file-journals_454_articles_283095_674b2045e1504.pdf...
2025-06-19 11:45:32.131 | INFO     | __main__:build_vector_db_for_type:113 - Processing ajol-file-journals_585_articles_274254_6697b9ed9d136.pdf...
2025-06-19 11:45:32.300 | INFO     | __main__:build_vector_db_for_type:113 - Processing ajol-file-journals_454_articles_268975_66e18210e67dd.pdf...
2025-06-19 11:45:32.594 | INFO     | __main__:build_vector_db_for_type:113 - Processing ajol-file-journals_110_articles_246567_submission_proof_246567-1309-591102-1-10-20230427.pdf...
2025-06-19 11:45:32.806 | INFO     | __main__:build_vector_db_for_type:113 - Processing ajol-file-journals_454_articles_278573_66f620549de6e.pdf...
2025-06-19 11:45:33.148 | INFO     | __main__:build_vector_db_for_type:113 - Processing 119187-prostatic-cyst-with-bladder-outlet-obstruction-symptoms-case-report.pdf...
2025-06-19 11:45:33.347 | INFO     | __main__:build_vector_db_for_type:113 - Processing ajol-file-journals_66_articles_53195_submission_proof_53195-781-83676-1-10-20100331.pdf...
2025-06-19 11:45:33.432 | INFO     | __main__:build_vector_db_for_type:113 - Processing ajol-file-journals_50_articles_158459_submission_proof_158459-589-412297-1-10-20170707.pdf...
2025-06-19 11:45:33.717 | INFO     | __main__:build_vector_db_for_type:113 - Processing ajol-file-journals_454_articles_283096_674b231699cb4.pdf...
2025-06-19 11:45:33.880 | INFO     | __main__:build_vector_db_for_type:113 - Processing ajol-file-journals_454_articles_283104_674b2654f3aa9.pdf...
2025-06-19 11:45:34.066 | INFO     | __main__:build_vector_db_for_type:113 - Processing ajol-file-journals_45_articles_245590_submission_proof_245590-529-589228-1-10-20230411.pdf...
2025-06-19 11:45:34.275 | INFO     | __main__:build_vector_db_for_type:113 - Processing 119408-an-unusual-lymphatic-metastasis-of-cancer-of-the-prostate-a-report-of-3-cases.pdf...
2025-06-19 11:45:34.466 | INFO     | __main__:build_vector_db_for_type:113 - Processing ajol-file-journals_50_articles_98483_submission_proof_98483-589-258343-1-10-20131210.pdf...
2025-06-19 11:45:34.795 | INFO     | __main__:build_vector_db_for_type:113 - Processing ajol-file-journals_454_articles_286338_67bc8750747d1.pdf...
2025-06-19 11:45:34.967 | INFO     | __main__:build_vector_db_for_type:113 - Processing ajol-file-journals_384_articles_210971_submission_proof_210971-4573-522856-1-10-20210720.pdf...
2025-06-19 11:45:35.076 | INFO     | __main__:build_vector_db_for_type:113 - Processing ajol-file-journals_454_articles_291872_67ee950c6ac99.pdf...
2025-06-19 11:45:35.243 | INFO     | __main__:build_vector_db_for_type:113 - Processing ajol-file-journals_454_articles_283100_674b257b961f9.pdf...
2025-06-19 11:45:35.419 | INFO     | __main__:build_vector_db_for_type:113 - Processing 119122-validation-of-the-swahili-version-of-the-international-prostate-symptom-score-at-a-private-nonprofit-general-hospital-in-dar-es-salaam-tanzania.pdf...
2025-06-19 11:45:35.674 | INFO     | __main__:build_vector_db_for_type:113 - Processing ajol-file-journals_454_articles_278569_66f62282df5c1.pdf...
2025-06-19 11:45:35.797 | INFO     | __main__:build_vector_db_for_type:113 - Processing ajol-file-journals_454_articles_269045_66e27dd76ba58.pdf...
2025-06-19 11:45:36.054 | INFO     | __main__:build_vector_db_for_type:113 - Processing ajol-file-journals_454_articles_268978_66e1df8abe402.pdf...
2025-06-19 11:45:36.370 | INFO     | __main__:build_vector_db_for_type:113 - Processing ajol-file-journals_454_articles_278567_66f6210cda0ce.pdf...
2025-06-19 11:45:36.585 | INFO     | __main__:build_vector_db_for_type:113 - Processing ajol-file-journals_454_articles_268976_66e188d0d3685.pdf...
2025-06-19 11:45:36.831 | INFO     | __main__:build_vector_db_for_type:113 - Processing 119323-metabolic-syndrome-in-patients-on-androgen-deprivation-therapu-for-prostate-cancer-as-seen-at-kilimanjaro-christian-medical-center-moshi-tanzania.pdf...
2025-06-19 11:46:04.992 | SUCCESS  | __main__:build_vector_db_for_type:142 - Successfully built vector database for journals documents
2025-06-19 11:46:04.994 | SUCCESS  | __main__:main:179 - Vector database building completed successfully
